<?xml version="1.0" encoding="UTF-8"?>
<testsuite xmlns:xsi="http://www.w3.org/2001/XMLSchema-instance" xsi:noNamespaceSchemaLocation="https://maven.apache.org/surefire/maven-surefire-plugin/xsd/surefire-test-report.xsd" name="cucumberTemplate.runners.CukesRunner" time="63.83" tests="0" errors="0" skipped="0" failures="0">
  <properties>
    <property name="gopherProxySet" value="false"/>
    <property name="awt.toolkit" value="sun.lwawt.macosx.LWCToolkit"/>
    <property name="file.encoding.pkg" value="sun.io"/>
    <property name="java.specification.version" value="1.8"/>
    <property name="sun.cpu.isalist" value=""/>
    <property name="sun.jnu.encoding" value="UTF-8"/>
    <property name="java.class.path" value="/Users/elyarabdullah/Desktop/mobile automation/cucumberTemplate/target/test-classes:/Users/elyarabdullah/Desktop/mobile automation/cucumberTemplate/target/classes:/Users/elyarabdullah/.m2/repository/org/seleniumhq/selenium/selenium-java/3.141.59/selenium-java-3.141.59.jar:/Users/elyarabdullah/.m2/repository/org/seleniumhq/selenium/selenium-api/3.141.59/selenium-api-3.141.59.jar:/Users/elyarabdullah/.m2/repository/org/seleniumhq/selenium/selenium-chrome-driver/3.141.59/selenium-chrome-driver-3.141.59.jar:/Users/elyarabdullah/.m2/repository/org/seleniumhq/selenium/selenium-edge-driver/3.141.59/selenium-edge-driver-3.141.59.jar:/Users/elyarabdullah/.m2/repository/org/seleniumhq/selenium/selenium-firefox-driver/3.141.59/selenium-firefox-driver-3.141.59.jar:/Users/elyarabdullah/.m2/repository/org/seleniumhq/selenium/selenium-ie-driver/3.141.59/selenium-ie-driver-3.141.59.jar:/Users/elyarabdullah/.m2/repository/org/seleniumhq/selenium/selenium-opera-driver/3.141.59/selenium-opera-driver-3.141.59.jar:/Users/elyarabdullah/.m2/repository/org/seleniumhq/selenium/selenium-remote-driver/3.141.59/selenium-remote-driver-3.141.59.jar:/Users/elyarabdullah/.m2/repository/org/seleniumhq/selenium/selenium-safari-driver/3.141.59/selenium-safari-driver-3.141.59.jar:/Users/elyarabdullah/.m2/repository/org/seleniumhq/selenium/selenium-support/3.141.59/selenium-support-3.141.59.jar:/Users/elyarabdullah/.m2/repository/net/bytebuddy/byte-buddy/1.8.15/byte-buddy-1.8.15.jar:/Users/elyarabdullah/.m2/repository/org/apache/commons/commons-exec/1.3/commons-exec-1.3.jar:/Users/elyarabdullah/.m2/repository/com/google/guava/guava/25.0-jre/guava-25.0-jre.jar:/Users/elyarabdullah/.m2/repository/com/google/code/findbugs/jsr305/1.3.9/jsr305-1.3.9.jar:/Users/elyarabdullah/.m2/repository/org/checkerframework/checker-compat-qual/2.0.0/checker-compat-qual-2.0.0.jar:/Users/elyarabdullah/.m2/repository/com/google/errorprone/error_prone_annotations/2.1.3/error_prone_annotations-2.1.3.jar:/Users/elyarabdullah/.m2/repository/com/google/j2objc/j2objc-annotations/1.1/j2objc-annotations-1.1.jar:/Users/elyarabdullah/.m2/repository/org/codehaus/mojo/animal-sniffer-annotations/1.14/animal-sniffer-annotations-1.14.jar:/Users/elyarabdullah/.m2/repository/com/squareup/okhttp3/okhttp/3.11.0/okhttp-3.11.0.jar:/Users/elyarabdullah/.m2/repository/com/squareup/okio/okio/1.14.0/okio-1.14.0.jar:/Users/elyarabdullah/.m2/repository/org/testng/testng/7.1.0/testng-7.1.0.jar:/Users/elyarabdullah/.m2/repository/com/beust/jcommander/1.72/jcommander-1.72.jar:/Users/elyarabdullah/.m2/repository/com/google/inject/guice/4.1.0/guice-4.1.0-no_aop.jar:/Users/elyarabdullah/.m2/repository/javax/inject/javax.inject/1/javax.inject-1.jar:/Users/elyarabdullah/.m2/repository/aopalliance/aopalliance/1.0/aopalliance-1.0.jar:/Users/elyarabdullah/.m2/repository/org/yaml/snakeyaml/1.21/snakeyaml-1.21.jar:/Users/elyarabdullah/.m2/repository/io/appium/java-client/7.6.0/java-client-7.6.0.jar:/Users/elyarabdullah/.m2/repository/com/google/code/gson/gson/2.8.8/gson-2.8.8.jar:/Users/elyarabdullah/.m2/repository/org/apache/httpcomponents/httpclient/4.5.13/httpclient-4.5.13.jar:/Users/elyarabdullah/.m2/repository/org/apache/httpcomponents/httpcore/4.4.13/httpcore-4.4.13.jar:/Users/elyarabdullah/.m2/repository/commons-logging/commons-logging/1.2/commons-logging-1.2.jar:/Users/elyarabdullah/.m2/repository/commons-codec/commons-codec/1.11/commons-codec-1.11.jar:/Users/elyarabdullah/.m2/repository/cglib/cglib/3.3.0/cglib-3.3.0.jar:/Users/elyarabdullah/.m2/repository/org/ow2/asm/asm/7.1/asm-7.1.jar:/Users/elyarabdullah/.m2/repository/commons-validator/commons-validator/1.7/commons-validator-1.7.jar:/Users/elyarabdullah/.m2/repository/commons-beanutils/commons-beanutils/1.9.4/commons-beanutils-1.9.4.jar:/Users/elyarabdullah/.m2/repository/commons-digester/commons-digester/2.1/commons-digester-2.1.jar:/Users/elyarabdullah/.m2/repository/commons-collections/commons-collections/3.2.2/commons-collections-3.2.2.jar:/Users/elyarabdullah/.m2/repository/org/apache/commons/commons-lang3/3.12.0/commons-lang3-3.12.0.jar:/Users/elyarabdullah/.m2/repository/commons-io/commons-io/2.11.0/commons-io-2.11.0.jar:/Users/elyarabdullah/.m2/repository/org/springframework/spring-context/5.3.10/spring-context-5.3.10.jar:/Users/elyarabdullah/.m2/repository/org/springframework/spring-aop/5.3.10/spring-aop-5.3.10.jar:/Users/elyarabdullah/.m2/repository/org/springframework/spring-beans/5.3.10/spring-beans-5.3.10.jar:/Users/elyarabdullah/.m2/repository/org/springframework/spring-core/5.3.10/spring-core-5.3.10.jar:/Users/elyarabdullah/.m2/repository/org/springframework/spring-jcl/5.3.10/spring-jcl-5.3.10.jar:/Users/elyarabdullah/.m2/repository/org/springframework/spring-expression/5.3.10/spring-expression-5.3.10.jar:/Users/elyarabdullah/.m2/repository/org/aspectj/aspectjweaver/1.9.7/aspectjweaver-1.9.7.jar:/Users/elyarabdullah/.m2/repository/org/slf4j/slf4j-api/1.7.32/slf4j-api-1.7.32.jar:/Users/elyarabdullah/.m2/repository/com/github/appium/java-client/7.6.0/java-client-7.6.0.jar:/Users/elyarabdullah/.m2/repository/io/github/bonigarcia/webdrivermanager/4.0.0/webdrivermanager-4.0.0.jar:/Users/elyarabdullah/.m2/repository/org/apache/httpcomponents/client5/httpclient5/5.0/httpclient5-5.0.jar:/Users/elyarabdullah/.m2/repository/org/apache/httpcomponents/core5/httpcore5/5.0/httpcore5-5.0.jar:/Users/elyarabdullah/.m2/repository/org/apache/httpcomponents/core5/httpcore5-h2/5.0/httpcore5-h2-5.0.jar:/Users/elyarabdullah/.m2/repository/org/rauschig/jarchivelib/1.0.0/jarchivelib-1.0.0.jar:/Users/elyarabdullah/.m2/repository/org/apache/commons/commons-compress/1.18/commons-compress-1.18.jar:/Users/elyarabdullah/.m2/repository/org/jsoup/jsoup/1.13.1/jsoup-1.13.1.jar:/Users/elyarabdullah/.m2/repository/io/cucumber/cucumber-java/5.7.0/cucumber-java-5.7.0.jar:/Users/elyarabdullah/.m2/repository/io/cucumber/cucumber-core/5.7.0/cucumber-core-5.7.0.jar:/Users/elyarabdullah/.m2/repository/io/cucumber/cucumber-gherkin/5.7.0/cucumber-gherkin-5.7.0.jar:/Users/elyarabdullah/.m2/repository/io/cucumber/cucumber-gherkin-vintage/5.7.0/cucumber-gherkin-vintage-5.7.0.jar:/Users/elyarabdullah/.m2/repository/io/cucumber/tag-expressions/2.0.4/tag-expressions-2.0.4.jar:/Users/elyarabdullah/.m2/repository/io/cucumber/cucumber-expressions/8.3.1/cucumber-expressions-8.3.1.jar:/Users/elyarabdullah/.m2/repository/io/cucumber/datatable/3.3.1/datatable-3.3.1.jar:/Users/elyarabdullah/.m2/repository/io/cucumber/cucumber-plugin/5.7.0/cucumber-plugin-5.7.0.jar:/Users/elyarabdullah/.m2/repository/io/cucumber/docstring/5.7.0/docstring-5.7.0.jar:/Users/elyarabdullah/.m2/repository/org/apiguardian/apiguardian-api/1.1.0/apiguardian-api-1.1.0.jar:/Users/elyarabdullah/.m2/repository/io/cucumber/cucumber-junit/5.7.0/cucumber-junit-5.7.0.jar:/Users/elyarabdullah/.m2/repository/junit/junit/4.13/junit-4.13.jar:/Users/elyarabdullah/.m2/repository/org/hamcrest/hamcrest-core/1.3/hamcrest-core-1.3.jar:"/>
    <property name="java.vm.vendor" value="Oracle Corporation"/>
    <property name="sun.arch.data.model" value="64"/>
    <property name="java.vendor.url" value="http://java.oracle.com/"/>
    <property name="user.timezone" value=""/>
    <property name="java.vm.specification.version" value="1.8"/>
    <property name="os.name" value="Mac OS X"/>
    <property name="user.country" value="DE"/>
    <property name="sun.java.launcher" value="SUN_STANDARD"/>
    <property name="sun.boot.library.path" value="/Library/Java/JavaVirtualMachines/jdk1.8.0_301.jdk/Contents/Home/jre/lib"/>
    <property name="sun.java.command" value="/Users/elyarabdullah/Desktop/mobile automation/cucumberTemplate/target/surefire/surefirebooter2071031864542136427.jar /Users/elyarabdullah/Desktop/mobile automation/cucumberTemplate/target/surefire 2021-12-10T09-21-15_298-jvmRun1 surefire4260192186365720839tmp surefire_07599058630433642687tmp"/>
    <property name="http.nonProxyHosts" value="local|*.local|169.254/16|*.169.254/16"/>
    <property name="surefire.test.class.path" value="/Users/elyarabdullah/Desktop/mobile automation/cucumberTemplate/target/test-classes:/Users/elyarabdullah/Desktop/mobile automation/cucumberTemplate/target/classes:/Users/elyarabdullah/.m2/repository/org/seleniumhq/selenium/selenium-java/3.141.59/selenium-java-3.141.59.jar:/Users/elyarabdullah/.m2/repository/org/seleniumhq/selenium/selenium-api/3.141.59/selenium-api-3.141.59.jar:/Users/elyarabdullah/.m2/repository/org/seleniumhq/selenium/selenium-chrome-driver/3.141.59/selenium-chrome-driver-3.141.59.jar:/Users/elyarabdullah/.m2/repository/org/seleniumhq/selenium/selenium-edge-driver/3.141.59/selenium-edge-driver-3.141.59.jar:/Users/elyarabdullah/.m2/repository/org/seleniumhq/selenium/selenium-firefox-driver/3.141.59/selenium-firefox-driver-3.141.59.jar:/Users/elyarabdullah/.m2/repository/org/seleniumhq/selenium/selenium-ie-driver/3.141.59/selenium-ie-driver-3.141.59.jar:/Users/elyarabdullah/.m2/repository/org/seleniumhq/selenium/selenium-opera-driver/3.141.59/selenium-opera-driver-3.141.59.jar:/Users/elyarabdullah/.m2/repository/org/seleniumhq/selenium/selenium-remote-driver/3.141.59/selenium-remote-driver-3.141.59.jar:/Users/elyarabdullah/.m2/repository/org/seleniumhq/selenium/selenium-safari-driver/3.141.59/selenium-safari-driver-3.141.59.jar:/Users/elyarabdullah/.m2/repository/org/seleniumhq/selenium/selenium-support/3.141.59/selenium-support-3.141.59.jar:/Users/elyarabdullah/.m2/repository/net/bytebuddy/byte-buddy/1.8.15/byte-buddy-1.8.15.jar:/Users/elyarabdullah/.m2/repository/org/apache/commons/commons-exec/1.3/commons-exec-1.3.jar:/Users/elyarabdullah/.m2/repository/com/google/guava/guava/25.0-jre/guava-25.0-jre.jar:/Users/elyarabdullah/.m2/repository/com/google/code/findbugs/jsr305/1.3.9/jsr305-1.3.9.jar:/Users/elyarabdullah/.m2/repository/org/checkerframework/checker-compat-qual/2.0.0/checker-compat-qual-2.0.0.jar:/Users/elyarabdullah/.m2/repository/com/google/errorprone/error_prone_annotations/2.1.3/error_prone_annotations-2.1.3.jar:/Users/elyarabdullah/.m2/repository/com/google/j2objc/j2objc-annotations/1.1/j2objc-annotations-1.1.jar:/Users/elyarabdullah/.m2/repository/org/codehaus/mojo/animal-sniffer-annotations/1.14/animal-sniffer-annotations-1.14.jar:/Users/elyarabdullah/.m2/repository/com/squareup/okhttp3/okhttp/3.11.0/okhttp-3.11.0.jar:/Users/elyarabdullah/.m2/repository/com/squareup/okio/okio/1.14.0/okio-1.14.0.jar:/Users/elyarabdullah/.m2/repository/org/testng/testng/7.1.0/testng-7.1.0.jar:/Users/elyarabdullah/.m2/repository/com/beust/jcommander/1.72/jcommander-1.72.jar:/Users/elyarabdullah/.m2/repository/com/google/inject/guice/4.1.0/guice-4.1.0-no_aop.jar:/Users/elyarabdullah/.m2/repository/javax/inject/javax.inject/1/javax.inject-1.jar:/Users/elyarabdullah/.m2/repository/aopalliance/aopalliance/1.0/aopalliance-1.0.jar:/Users/elyarabdullah/.m2/repository/org/yaml/snakeyaml/1.21/snakeyaml-1.21.jar:/Users/elyarabdullah/.m2/repository/io/appium/java-client/7.6.0/java-client-7.6.0.jar:/Users/elyarabdullah/.m2/repository/com/google/code/gson/gson/2.8.8/gson-2.8.8.jar:/Users/elyarabdullah/.m2/repository/org/apache/httpcomponents/httpclient/4.5.13/httpclient-4.5.13.jar:/Users/elyarabdullah/.m2/repository/org/apache/httpcomponents/httpcore/4.4.13/httpcore-4.4.13.jar:/Users/elyarabdullah/.m2/repository/commons-logging/commons-logging/1.2/commons-logging-1.2.jar:/Users/elyarabdullah/.m2/repository/commons-codec/commons-codec/1.11/commons-codec-1.11.jar:/Users/elyarabdullah/.m2/repository/cglib/cglib/3.3.0/cglib-3.3.0.jar:/Users/elyarabdullah/.m2/repository/org/ow2/asm/asm/7.1/asm-7.1.jar:/Users/elyarabdullah/.m2/repository/commons-validator/commons-validator/1.7/commons-validator-1.7.jar:/Users/elyarabdullah/.m2/repository/commons-beanutils/commons-beanutils/1.9.4/commons-beanutils-1.9.4.jar:/Users/elyarabdullah/.m2/repository/commons-digester/commons-digester/2.1/commons-digester-2.1.jar:/Users/elyarabdullah/.m2/repository/commons-collections/commons-collections/3.2.2/commons-collections-3.2.2.jar:/Users/elyarabdullah/.m2/repository/org/apache/commons/commons-lang3/3.12.0/commons-lang3-3.12.0.jar:/Users/elyarabdullah/.m2/repository/commons-io/commons-io/2.11.0/commons-io-2.11.0.jar:/Users/elyarabdullah/.m2/repository/org/springframework/spring-context/5.3.10/spring-context-5.3.10.jar:/Users/elyarabdullah/.m2/repository/org/springframework/spring-aop/5.3.10/spring-aop-5.3.10.jar:/Users/elyarabdullah/.m2/repository/org/springframework/spring-beans/5.3.10/spring-beans-5.3.10.jar:/Users/elyarabdullah/.m2/repository/org/springframework/spring-core/5.3.10/spring-core-5.3.10.jar:/Users/elyarabdullah/.m2/repository/org/springframework/spring-jcl/5.3.10/spring-jcl-5.3.10.jar:/Users/elyarabdullah/.m2/repository/org/springframework/spring-expression/5.3.10/spring-expression-5.3.10.jar:/Users/elyarabdullah/.m2/repository/org/aspectj/aspectjweaver/1.9.7/aspectjweaver-1.9.7.jar:/Users/elyarabdullah/.m2/repository/org/slf4j/slf4j-api/1.7.32/slf4j-api-1.7.32.jar:/Users/elyarabdullah/.m2/repository/com/github/appium/java-client/7.6.0/java-client-7.6.0.jar:/Users/elyarabdullah/.m2/repository/io/github/bonigarcia/webdrivermanager/4.0.0/webdrivermanager-4.0.0.jar:/Users/elyarabdullah/.m2/repository/org/apache/httpcomponents/client5/httpclient5/5.0/httpclient5-5.0.jar:/Users/elyarabdullah/.m2/repository/org/apache/httpcomponents/core5/httpcore5/5.0/httpcore5-5.0.jar:/Users/elyarabdullah/.m2/repository/org/apache/httpcomponents/core5/httpcore5-h2/5.0/httpcore5-h2-5.0.jar:/Users/elyarabdullah/.m2/repository/org/rauschig/jarchivelib/1.0.0/jarchivelib-1.0.0.jar:/Users/elyarabdullah/.m2/repository/org/apache/commons/commons-compress/1.18/commons-compress-1.18.jar:/Users/elyarabdullah/.m2/repository/org/jsoup/jsoup/1.13.1/jsoup-1.13.1.jar:/Users/elyarabdullah/.m2/repository/io/cucumber/cucumber-java/5.7.0/cucumber-java-5.7.0.jar:/Users/elyarabdullah/.m2/repository/io/cucumber/cucumber-core/5.7.0/cucumber-core-5.7.0.jar:/Users/elyarabdullah/.m2/repository/io/cucumber/cucumber-gherkin/5.7.0/cucumber-gherkin-5.7.0.jar:/Users/elyarabdullah/.m2/repository/io/cucumber/cucumber-gherkin-vintage/5.7.0/cucumber-gherkin-vintage-5.7.0.jar:/Users/elyarabdullah/.m2/repository/io/cucumber/tag-expressions/2.0.4/tag-expressions-2.0.4.jar:/Users/elyarabdullah/.m2/repository/io/cucumber/cucumber-expressions/8.3.1/cucumber-expressions-8.3.1.jar:/Users/elyarabdullah/.m2/repository/io/cucumber/datatable/3.3.1/datatable-3.3.1.jar:/Users/elyarabdullah/.m2/repository/io/cucumber/cucumber-plugin/5.7.0/cucumber-plugin-5.7.0.jar:/Users/elyarabdullah/.m2/repository/io/cucumber/docstring/5.7.0/docstring-5.7.0.jar:/Users/elyarabdullah/.m2/repository/org/apiguardian/apiguardian-api/1.1.0/apiguardian-api-1.1.0.jar:/Users/elyarabdullah/.m2/repository/io/cucumber/cucumber-junit/5.7.0/cucumber-junit-5.7.0.jar:/Users/elyarabdullah/.m2/repository/junit/junit/4.13/junit-4.13.jar:/Users/elyarabdullah/.m2/repository/org/hamcrest/hamcrest-core/1.3/hamcrest-core-1.3.jar:"/>
    <property name="sun.cpu.endian" value="little"/>
    <property name="user.home" value="/Users/elyarabdullah"/>
    <property name="user.language" value="en"/>
    <property name="java.specification.vendor" value="Oracle Corporation"/>
    <property name="java.home" value="/Library/Java/JavaVirtualMachines/jdk1.8.0_301.jdk/Contents/Home/jre"/>
    <property name="basedir" value="/Users/elyarabdullah/Desktop/mobile automation/cucumberTemplate"/>
    <property name="file.separator" value="/"/>
    <property name="line.separator" value="&#10;"/>
    <property name="java.vm.specification.vendor" value="Oracle Corporation"/>
    <property name="java.specification.name" value="Java Platform API Specification"/>
    <property name="java.awt.graphicsenv" value="sun.awt.CGraphicsEnvironment"/>
    <property name="surefire.real.class.path" value="/Users/elyarabdullah/Desktop/mobile automation/cucumberTemplate/target/surefire/surefirebooter2071031864542136427.jar"/>
    <property name="sun.boot.class.path" value="/Library/Java/JavaVirtualMachines/jdk1.8.0_301.jdk/Contents/Home/jre/lib/resources.jar:/Library/Java/JavaVirtualMachines/jdk1.8.0_301.jdk/Contents/Home/jre/lib/rt.jar:/Library/Java/JavaVirtualMachines/jdk1.8.0_301.jdk/Contents/Home/jre/lib/sunrsasign.jar:/Library/Java/JavaVirtualMachines/jdk1.8.0_301.jdk/Contents/Home/jre/lib/jsse.jar:/Library/Java/JavaVirtualMachines/jdk1.8.0_301.jdk/Contents/Home/jre/lib/jce.jar:/Library/Java/JavaVirtualMachines/jdk1.8.0_301.jdk/Contents/Home/jre/lib/charsets.jar:/Library/Java/JavaVirtualMachines/jdk1.8.0_301.jdk/Contents/Home/jre/lib/jfr.jar:/Library/Java/JavaVirtualMachines/jdk1.8.0_301.jdk/Contents/Home/jre/classes"/>
    <property name="sun.management.compiler" value="HotSpot 64-Bit Tiered Compilers"/>
    <property name="ftp.nonProxyHosts" value="local|*.local|169.254/16|*.169.254/16"/>
    <property name="java.runtime.version" value="1.8.0_301-b09"/>
    <property name="user.name" value="elyarabdullah"/>
    <property name="path.separator" value=":"/>
    <property name="os.version" value="10.16"/>
    <property name="java.endorsed.dirs" value="/Library/Java/JavaVirtualMachines/jdk1.8.0_301.jdk/Contents/Home/jre/lib/endorsed"/>
    <property name="java.runtime.name" value="Java(TM) SE Runtime Environment"/>
    <property name="file.encoding" value="US-ASCII"/>
    <property name="java.vm.name" value="Java HotSpot(TM) 64-Bit Server VM"/>
    <property name="localRepository" value="/Users/elyarabdullah/.m2/repository"/>
    <property name="java.vendor.url.bug" value="http://bugreport.sun.com/bugreport/"/>
    <property name="java.io.tmpdir" value="/var/folders/8k/v03vrv9s54v1dr_1m1gs2pm40000gn/T/"/>
    <property name="java.version" value="1.8.0_301"/>
    <property name="user.dir" value="/Users/elyarabdullah/Desktop/mobile automation/cucumberTemplate"/>
    <property name="os.arch" value="x86_64"/>
    <property name="java.vm.specification.name" value="Java Virtual Machine Specification"/>
    <property name="java.awt.printerjob" value="sun.lwawt.macosx.CPrinterJob"/>
    <property name="sun.os.patch.level" value="unknown"/>
    <property name="java.library.path" value="/Users/elyarabdullah/Library/Java/Extensions:/Library/Java/Extensions:/Network/Library/Java/Extensions:/System/Library/Java/Extensions:/usr/lib/java:."/>
    <property name="java.vm.info" value="mixed mode"/>
    <property name="java.vendor" value="Oracle Corporation"/>
    <property name="java.vm.version" value="25.301-b09"/>
    <property name="java.ext.dirs" value="/Users/elyarabdullah/Library/Java/Extensions:/Library/Java/JavaVirtualMachines/jdk1.8.0_301.jdk/Contents/Home/jre/lib/ext:/Library/Java/Extensions:/Network/Library/Java/Extensions:/System/Library/Java/Extensions:/usr/lib/java"/>
    <property name="sun.io.unicode.encoding" value="UnicodeBig"/>
    <property name="java.class.version" value="52.0"/>
    <property name="socksNonProxyHosts" value="local|*.local|169.254/16|*.169.254/16"/>
  </properties>
</testsuite>